Traceback (most recent call last):
  File "/usr/local/anaconda3/envs/cofi_dev/lib/python3.10/site-packages/jupyter_cache/executors/utils.py", line 51, in single_nb_execution
    executenb(
  File "/usr/local/anaconda3/envs/cofi_dev/lib/python3.10/site-packages/nbclient/client.py", line 1204, in execute
    return NotebookClient(nb=nb, resources=resources, km=km, **kwargs).execute()
  File "/usr/local/anaconda3/envs/cofi_dev/lib/python3.10/site-packages/nbclient/util.py", line 84, in wrapped
    return just_run(coro(*args, **kwargs))
  File "/usr/local/anaconda3/envs/cofi_dev/lib/python3.10/site-packages/nbclient/util.py", line 62, in just_run
    return loop.run_until_complete(coro)
  File "/usr/local/anaconda3/envs/cofi_dev/lib/python3.10/asyncio/base_events.py", line 646, in run_until_complete
    return future.result()
  File "/usr/local/anaconda3/envs/cofi_dev/lib/python3.10/site-packages/nbclient/client.py", line 663, in async_execute
    await self.async_execute_cell(
  File "/usr/local/anaconda3/envs/cofi_dev/lib/python3.10/site-packages/nbclient/client.py", line 965, in async_execute_cell
    await self._check_raise_for_error(cell, cell_index, exec_reply)
  File "/usr/local/anaconda3/envs/cofi_dev/lib/python3.10/site-packages/nbclient/client.py", line 862, in _check_raise_for_error
    raise CellExecutionError.from_cell_and_msg(cell, exec_reply_content)
nbclient.exceptions.CellExecutionError: An error occurred while executing the following cell:
------------------
from cofi.cofi_objective import LinearFittingObjective
from cofi.linear_reg import LRNormalEquation
------------------

[0;31m---------------------------------------------------------------------------[0m
[0;31mModuleNotFoundError[0m                       Traceback (most recent call last)
Input [0;32mIn [2][0m, in [0;36m<cell line: 1>[0;34m()[0m
[0;32m----> 1[0m [38;5;28;01mfrom[39;00m [38;5;21;01mcofi[39;00m[38;5;21;01m.[39;00m[38;5;21;01mcofi_objective[39;00m [38;5;28;01mimport[39;00m LinearFittingObjective
[1;32m      2[0m [38;5;28;01mfrom[39;00m [38;5;21;01mcofi[39;00m[38;5;21;01m.[39;00m[38;5;21;01mlinear_reg[39;00m [38;5;28;01mimport[39;00m LRNormalEquation

[0;31mModuleNotFoundError[0m: No module named 'cofi.cofi_objective'
ModuleNotFoundError: No module named 'cofi.cofi_objective'

